c:\users\유 병익\desktop\강의 자료\2021-2\컴퓨터 그래픽스\과제\hw1\debug\hw1.pch
c:\users\유 병익\desktop\강의 자료\2021-2\컴퓨터 그래픽스\과제\hw1\debug\vc142.pdb
c:\users\유 병익\desktop\강의 자료\2021-2\컴퓨터 그래픽스\과제\hw1\debug\vc142.idb
c:\users\유 병익\desktop\강의 자료\2021-2\컴퓨터 그래픽스\과제\hw1\debug\pch.obj
c:\users\유 병익\desktop\강의 자료\2021-2\컴퓨터 그래픽스\과제\hw1\debug\viewtree.obj
c:\users\유 병익\desktop\강의 자료\2021-2\컴퓨터 그래픽스\과제\hw1\debug\propertieswnd.obj
c:\users\유 병익\desktop\강의 자료\2021-2\컴퓨터 그래픽스\과제\hw1\debug\outputwnd.obj
c:\users\유 병익\desktop\강의 자료\2021-2\컴퓨터 그래픽스\과제\hw1\debug\mainfrm.obj
c:\users\유 병익\desktop\강의 자료\2021-2\컴퓨터 그래픽스\과제\hw1\debug\hw1view.obj
c:\users\유 병익\desktop\강의 자료\2021-2\컴퓨터 그래픽스\과제\hw1\debug\hw1doc.obj
c:\users\유 병익\desktop\강의 자료\2021-2\컴퓨터 그래픽스\과제\hw1\debug\hw1.obj
c:\users\유 병익\desktop\강의 자료\2021-2\컴퓨터 그래픽스\과제\hw1\debug\fileview.obj
c:\users\유 병익\desktop\강의 자료\2021-2\컴퓨터 그래픽스\과제\hw1\debug\classview.obj
c:\users\유 병익\desktop\강의 자료\2021-2\컴퓨터 그래픽스\과제\hw1\debug\b811115.obj
c:\users\유 병익\desktop\강의 자료\2021-2\컴퓨터 그래픽스\과제\hw1\debug\hw1.ilk
c:\users\유 병익\desktop\강의 자료\2021-2\컴퓨터 그래픽스\과제\hw1\debug\hw1.exe
c:\users\유 병익\desktop\강의 자료\2021-2\컴퓨터 그래픽스\과제\hw1\debug\hw1.pdb
c:\users\유 병익\desktop\강의 자료\2021-2\컴퓨터 그래픽스\과제\hw1\debug\hw1.res
c:\users\유 병익\desktop\강의 자료\2021-2\컴퓨터 그래픽스\과제\hw1\debug\hw1.tlog\cl.command.1.tlog
c:\users\유 병익\desktop\강의 자료\2021-2\컴퓨터 그래픽스\과제\hw1\debug\hw1.tlog\cl.read.1.tlog
c:\users\유 병익\desktop\강의 자료\2021-2\컴퓨터 그래픽스\과제\hw1\debug\hw1.tlog\cl.write.1.tlog
c:\users\유 병익\desktop\강의 자료\2021-2\컴퓨터 그래픽스\과제\hw1\debug\hw1.tlog\link.command.1.tlog
c:\users\유 병익\desktop\강의 자료\2021-2\컴퓨터 그래픽스\과제\hw1\debug\hw1.tlog\link.read.1.tlog
c:\users\유 병익\desktop\강의 자료\2021-2\컴퓨터 그래픽스\과제\hw1\debug\hw1.tlog\link.write.1.tlog
c:\users\유 병익\desktop\강의 자료\2021-2\컴퓨터 그래픽스\과제\hw1\debug\hw1.tlog\rc.command.1.tlog
c:\users\유 병익\desktop\강의 자료\2021-2\컴퓨터 그래픽스\과제\hw1\debug\hw1.tlog\rc.read.1.tlog
c:\users\유 병익\desktop\강의 자료\2021-2\컴퓨터 그래픽스\과제\hw1\debug\hw1.tlog\rc.write.1.tlog
